2026-05-02 11:46:26,540 - INFO - Disk space OK. 35.05% (166.58GB) of free space left.
2026-05-02 11:46:35,651 - INFO - Program stopped by user.
2026-05-02 11:46:35,768 - INFO - Disk space OK. 35.05% (166.58GB) of free space left.
2026-05-02 11:48:35,769 - INFO - Disk space OK. 35.05% (166.58GB) of free space left.
2026-05-02 11:48:41,813 - INFO - Program stopped by user.
2026-05-02 11:52:08,489 - INFO - Program stopped by user.
2026-05-02 11:53:28,996 - INFO - Program stopped by user.
2026-05-02 11:53:59,805 - INFO - Program stopped by user.
2026-05-02 11:54:04,513 - INFO - Program stopped by user.
2026-05-02 11:56:06,636 - INFO - / - Disk space OK. 35.05% (166.58GB) of free space left.
2026-05-02 11:56:52,661 - INFO - Program stopped by user.
2026-05-02 11:56:52,811 - INFO - C:\ - Disk space OK. 35.05% (166.58GB) of free space left.
2026-05-02 11:57:01,390 - INFO - Program stopped by user.
2026-05-02 11:57:14,935 - INFO - C:\ - Disk space OK. 35.05% (166.58GB) of free space left.
2026-05-02 11:59:14,936 - INFO - C:\ - Disk space OK. 35.05% (166.58GB) of free space left.
2026-05-02 11:59:23,255 - INFO - Program stopped by user.
2026-05-02 12:05:04,838 - ERROR - Unexpected error.
2026-05-02 12:06:32,715 - INFO - C:\ - Disk space OK. 35.05% (166.58GB) of free space left.
2026-05-02 12:08:32,715 - INFO - C:\ - Disk space OK. 41.12% (195.44GB) of free space left.
2026-05-02 12:09:35,705 - INFO - Program stopped by user.
2026-05-02 12:12:11,619 - ERROR - Unexpected error.
2026-05-02 12:20:03,238 - INFO - Program stopped by user.
2026-05-02 12:20:04,349 - INFO - Program stopped by user.
2026-05-02 12:22:42,429 - ERROR - Unexpected error.
2026-05-02 12:22:57,790 - ERROR - Unexpected error.
2026-05-02 12:23:30,865 - ERROR - Unexpected error.
2026-05-02 12:25:07,236 - INFO - C:\ - Disk space OK. 41.10% (195.36GB) of free space left.
2026-05-02 12:29:38,714 - INFO - Program stopped by user.
2026-05-02 12:39:15,767 - INFO - Program stopped by user.
2026-05-02 12:39:15,901 - INFO - C:\ - Disk space OK. Current usage - 41.10GB/195.34GB. 475.30% (279.95GB) of free space left.
2026-05-02 12:40:31,061 - INFO - Program stopped by user.
2026-05-02 12:40:32,125 - INFO - C:\ - Disk space OK. Current usage - 41.10GB/195.34GB. 475.30% (279.95GB) of free space left.
2026-05-02 12:40:59,897 - INFO - Program stopped by user.
2026-05-02 12:41:00,792 - INFO - C:\ - Disk space OK. == Current usage - 41.10GB/195.34GB. == 475.30% (279.95GB) of free space left.
2026-05-02 12:42:06,396 - INFO - Program stopped by user.
2026-05-02 12:42:06,546 - INFO - C:\ - Disk space OK. == Current usage - 279.95GB/475.30GB. == 41.10% (195.34GB) of free space left.
2026-05-02 12:53:20,724 - INFO - Program stopped by user.
2026-05-02 12:53:20,869 - INFO - C:\ - Disk space OK. == Current usage - 279.95GB/475.30GB. == 41.10% (195.34GB) of free space left.
2026-05-02 12:58:23,833 - INFO - C:\ - Disk space OK. == Current usage - 279.95GB/475.30GB. == 41.10% (195.34GB) of free space left.
2026-05-02 13:02:12,734 - INFO - Program stopped by user.
2026-05-02 13:02:12,870 - INFO - C:\ - Disk space OK. == Current usage - 279.96GB/475.30GB. == 41.10% (195.34GB) of free space left.
2026-05-02 13:02:16,931 - INFO - Program stopped by user.
2026-05-03 11:20:21,705 - INFO - C:\\ - Disk space OK. == Current usage - 282.62GB/475.30GB. == 40.54% (192.68GB) of free space left.
2026-05-03 11:24:17,723 - INFO - Program stopped by user.
2026-05-03 11:24:17,957 - INFO - C:\\ - Disk space OK. == Current usage - 282.62GB/475.30GB. == 40.54% (192.68GB) of free space left.
2026-05-03 11:31:55,944 - INFO - Program stopped by user.
2026-05-03 11:31:56,102 - INFO - OK | mateu | C:\\ - Disk space OK. == Current usage - 282.62GB/475.30GB. == 40.54% (192.67GB) of free space left.
2026-05-03 11:33:26,770 - INFO - Program stopped by user.
2026-05-03 11:33:26,931 - INFO - STATUS: OK | HOSTNAME mateu | C:\\ - Disk space OK. | Current usage - 282.62GB/475.30GB. == 40.54% (192.67GB) of free space left.
2026-05-03 11:38:40,121 - INFO - Program stopped by user.
2026-05-03 11:38:40,276 - INFO - STATUS: OK | HOSTNAME: mateu | C:\\ | USED: 282.63GB/475.30GB. | FREE: 192.67GB (40.54%)
2026-05-03 11:39:21,889 - INFO - Program stopped by user.
2026-05-03 11:39:22,041 - INFO - STATUS: OK | HOSTNAME: mateu | DISK: C:\\ | USED: 282.63GB/475.30GB. | FREE: 192.67GB (40.54%)
2026-05-03 11:46:28,084 - INFO - Program stopped by user.
2026-05-03 11:46:38,518 - INFO - STATUS: OK | HOSTNAME: mateu | DISK: C:// | USED: 282.64GB/475.30GB | FREE: 192.66GB (40.53%)
2026-05-03 11:57:13,798 - INFO - Program stopped by user.
2026-05-03 11:57:14,032 - INFO - STATUS: OK | HOSTNAME: mateu | DISK: C:// | USED: 282.64GB/475.30GB | FREE: 192.65GB (40.53%)
2026-05-03 12:02:51,956 - INFO - Program stopped by user.
2026-05-03 12:02:52,197 - INFO - STATUS: OK | HOSTNAME: mateu | DISK: C:// | USED: 282.64GB/475.30GB | FREE: 192.65GB (40.53%)
2026-05-03 12:04:06,726 - INFO - Program stopped by user.
2026-05-03 12:04:06,942 - ERROR - ERROR: Unexpected error: log_status() missing 1 required positional argument: 'free_space_gb'
2026-05-03 12:05:04,723 - ERROR - ERROR: Unexpected error: log_status() missing 1 required positional argument: 'free_space_gb'
2026-05-03 12:06:18,196 - ERROR - ERROR: Unexpected error: log_status() missing 1 required positional argument: 'free_space_gb'
2026-05-03 12:06:21,286 - ERROR - ERROR: Unexpected error: log_status() missing 1 required positional argument: 'free_space_gb'
2026-05-03 12:06:42,605 - ERROR - ERROR: Unexpected error: log_status() missing 1 required positional argument: 'free_space_gb'
2026-05-03 12:08:34,265 - ERROR - ERROR: Unexpected error: name 'message_func' is not defined
2026-05-03 12:08:59,084 - INFO - STATUS: OK | HOSTNAME: mateu | DISK: C:// | USED: 282.64GB/475.30GB | FREE: 192.65GB (40.53%)
2026-05-03 12:11:20,047 - INFO - Program stopped by user.
2026-05-03 12:11:20,281 - INFO - STATUS: OK | HOSTNAME: mateu | DISK: C:// | USED: 282.65GB/475.30GB | FREE: 192.65GB (40.53%)
2026-05-03 12:11:53,956 - INFO - Program stopped by user.
2026-05-03 12:11:54,154 - INFO - STATUS: OK | HOSTNAME: mateu | DISK: C:// | USED: 282.65GB/475.30GB | FREE: 192.65GB (40.53%)
2026-05-03 12:12:42,778 - INFO - Program stopped by user.
2026-05-03 12:12:42,987 - INFO - STATUS: OK | HOSTNAME: mateu | DISK: C:// | USED: 282.64GB/475.30GB | FREE: 192.65GB (40.53%)
2026-05-03 12:12:58,202 - INFO - Program stopped by user.
2026-05-03 12:12:58,390 - INFO - STATUS: OK | HOSTNAME: mateu | DISK: C:// | USED: 282.64GB/475.30GB | FREE: 192.65GB (40.53%)
2026-05-03 12:14:15,321 - INFO - Program stopped by user.
2026-05-03 12:14:15,526 - ERROR - ERROR: Unexpected error: log_status() missing 1 required positional argument: 'message'
2026-05-03 12:14:31,139 - ERROR - ERROR: Unexpected error: name 'message' is not defined
2026-05-03 12:15:35,324 - ERROR - ERROR: Unexpected error: name 'message' is not defined
2026-05-03 12:17:48,119 - INFO - STATUS: OK | HOSTNAME: mateu | DISK: C:// | NOTE: Disk space OK | USED: 282.64GB/475.30GB | FREE: 192.65GB (40.53%)
2026-05-03 12:19:28,885 - INFO - Program stopped by user.
2026-05-03 12:19:29,117 - INFO - STATUS: OK | HOSTNAME: mateu | DISK: C:\\ | NOTE: Disk space OK | USED: 282.65GB/475.30GB | FREE: 192.65GB (40.53%)
2026-05-03 12:37:28,217 - INFO - Program stopped by user.
